0 info it worked if it ends with ok
1 verbose cli [ '/home/soledad/.nvm/versions/node/v6.6.0/bin/node',
1 verbose cli   '/home/soledad/.nvm/versions/node/v6.6.0/bin/npm',
1 verbose cli   'run',
1 verbose cli   'two' ]
2 info using npm@3.10.3
3 info using node@v6.6.0
4 verbose stack Error: missing script: two
4 verbose stack     at run (/home/soledad/.nvm/versions/node/v6.6.0/lib/node_modules/npm/lib/run-script.js:151:19)
4 verbose stack     at /home/soledad/.nvm/versions/node/v6.6.0/lib/node_modules/npm/lib/run-script.js:61:5
4 verbose stack     at /home/soledad/.nvm/versions/node/v6.6.0/lib/node_modules/npm/node_modules/read-package-json/read-json.js:356:5
4 verbose stack     at checkBinReferences_ (/home/soledad/.nvm/versions/node/v6.6.0/lib/node_modules/npm/node_modules/read-package-json/read-json.js:320:45)
4 verbose stack     at final (/home/soledad/.nvm/versions/node/v6.6.0/lib/node_modules/npm/node_modules/read-package-json/read-json.js:354:3)
4 verbose stack     at then (/home/soledad/.nvm/versions/node/v6.6.0/lib/node_modules/npm/node_modules/read-package-json/read-json.js:124:5)
4 verbose stack     at /home/soledad/.nvm/versions/node/v6.6.0/lib/node_modules/npm/node_modules/read-package-json/read-json.js:311:12
4 verbose stack     at /home/soledad/.nvm/versions/node/v6.6.0/lib/node_modules/npm/node_modules/graceful-fs/graceful-fs.js:78:16
4 verbose stack     at tryToString (fs.js:455:3)
4 verbose stack     at FSReqWrap.readFileAfterClose [as oncomplete] (fs.js:442:12)
5 verbose cwd /home/soledad/Escritorio/node_api_test
6 error Linux 3.19.0-78-generic
7 error argv "/home/soledad/.nvm/versions/node/v6.6.0/bin/node" "/home/soledad/.nvm/versions/node/v6.6.0/bin/npm" "run" "two"
8 error node v6.6.0
9 error npm  v3.10.3
10 error missing script: two
11 error If you need help, you may report this error at:
11 error     <https://github.com/npm/npm/issues>
12 verbose exit [ 1, true ]
